# JRE version: Java(TM) SE Runtime Environment (12.0.2+10) (build 12.0.2+10)
# Java VM: Java HotSpot(TM) 64-Bit Server VM (12.0.2+10, mixed mode, sharing, tiered, compressed oops, g1 gc, windows-amd64)
Heap:
 garbage-first heap   total 105472K, used 34683K [0x0000000081c00000, 0x0000000100000000)
  region size 1024K, 10 young (10240K), 4 survivors (4096K)
 Metaspace       used 57568K, capacity 59259K, committed 59472K, reserved 1099776K
  class space    used 7977K, capacity 8642K, committed 8704K, reserved 1048576K
GC Heap History (10 events):
Event: 7.415 GC heap before
{Heap before GC invocations=16 (full 0):
 garbage-first heap   total 70656K, used 47036K [0x0000000081c00000, 0x0000000100000000)
  region size 1024K, 28 young (28672K), 3 survivors (3072K)
 Metaspace       used 44157K, capacity 45364K, committed 45520K, reserved 1087488K
  class space    used 6203K, capacity 6670K, committed 6784K, reserved 1048576K
}
Event: 7.437 GC heap after
{Heap after GC invocations=17 (full 0):
 garbage-first heap   total 84992K, used 22635K [0x0000000081c00000, 0x0000000100000000)
  region size 1024K, 4 young (4096K), 4 survivors (4096K)
 Metaspace       used 44157K, capacity 45364K, committed 45520K, reserved 1087488K
  class space    used 6203K, capacity 6670K, committed 6784K, reserved 1048576K
}
Event: 7.988 GC heap before
{Heap before GC invocations=17 (full 0):
 garbage-first heap   total 84992K, used 55403K [0x0000000081c00000, 0x0000000100000000)
  region size 1024K, 36 young (36864K), 4 survivors (4096K)
 Metaspace       used 47037K, capacity 48446K, committed 48464K, reserved 1091584K
  class space    used 6639K, capacity 7164K, committed 7168K, reserved 1048576K
}
Event: 7.996 GC heap after
{Heap after GC invocations=18 (full 0):
 garbage-first heap   total 84992K, used 24407K [0x0000000081c00000, 0x0000000100000000)
  region size 1024K, 4 young (4096K), 4 survivors (4096K)
 Metaspace       used 47037K, capacity 48446K, committed 48464K, reserved 1091584K
  class space    used 6639K, capacity 7164K, committed 7168K, reserved 1048576K
}
Event: 8.323 GC heap before
{Heap before GC invocations=18 (full 0):
 garbage-first heap   total 84992K, used 58199K [0x0000000081c00000, 0x0000000100000000)
  region size 1024K, 37 young (37888K), 4 survivors (4096K)
 Metaspace       used 49717K, capacity 51175K, committed 51408K, reserved 1093632K
  class space    used 6971K, capacity 7529K, committed 7552K, reserved 1048576K
}
Event: 8.331 GC heap after
{Heap after GC invocations=19 (full 0):
 garbage-first heap   total 84992K, used 25730K [0x0000000081c00000, 0x0000000100000000)
  region size 1024K, 4 young (4096K), 4 survivors (4096K)
 Metaspace       used 49717K, capacity 51175K, committed 51408K, reserved 1093632K
  class space    used 6971K, capacity 7529K, committed 7552K, reserved 1048576K
}
Event: 8.810 GC heap before
{Heap before GC invocations=19 (full 0):
 garbage-first heap   total 84992K, used 59522K [0x0000000081c00000, 0x0000000100000000)
  region size 1024K, 37 young (37888K), 4 survivors (4096K)
 Metaspace       used 51720K, capacity 53301K, committed 53584K, reserved 1095680K
  class space    used 7259K, capacity 7852K, committed 7936K, reserved 1048576K
}
Event: 8.818 GC heap after
{Heap after GC invocations=20 (full 0):
 garbage-first heap   total 84992K, used 27835K [0x0000000081c00000, 0x0000000100000000)
  region size 1024K, 4 young (4096K), 4 survivors (4096K)
 Metaspace       used 51720K, capacity 53301K, committed 53584K, reserved 1095680K
  class space    used 7259K, capacity 7852K, committed 7936K, reserved 1048576K
}
Event: 726.852 GC heap before
{Heap before GC invocations=20 (full 0):
 garbage-first heap   total 84992K, used 60603K [0x0000000081c00000, 0x0000000100000000)
  region size 1024K, 37 young (37888K), 4 survivors (4096K)
 Metaspace       used 56987K, capacity 58618K, committed 58832K, reserved 1099776K
  class space    used 7903K, capacity 8534K, committed 8576K, reserved 1048576K
}
Event: 726.862 GC heap after
{Heap after GC invocations=21 (full 0):
 garbage-first heap   total 105472K, used 29563K [0x0000000081c00000, 0x0000000100000000)
  region size 1024K, 4 young (4096K), 4 survivors (4096K)
 Metaspace       used 56987K, capacity 58618K, committed 58832K, reserved 1099776K
  class space    used 7903K, capacity 8534K, committed 8576K, reserved 1048576K
}

